    Fetching advisory database from `https://github.com/RustSec/advisory-db.git`
      Loaded 792 security advisories (from /.cargo/advisory-db)
    Updating crates.io index
    Scanning Cargo.lock for vulnerabilities (58 crate dependencies)
Crate:     idna
Version:   0.5.0
Title:     `idna` accepts Punycode labels that do not produce any non-ASCII when decoded
Date:      2024-12-09
ID:        RUSTSEC-2024-0421
URL:       https://rustsec.org/advisories/RUSTSEC-2024-0421
Solution:  Upgrade to >=1.0.0
Dependency tree:
idna 0.5.0
└── violetbeacon_deptrack_testproject_rust_cargo 0.1.0

Crate:     tokio
Version:   1.31.0
Warning:   unsound
Title:     Broadcast channel calls clone in parallel, but does not require `Sync`
Date:      2025-04-07
ID:        RUSTSEC-2025-0023
URL:       https://rustsec.org/advisories/RUSTSEC-2025-0023
Dependency tree:
tokio 1.31.0
└── violetbeacon_deptrack_testproject_rust_cargo 0.1.0

error: 1 vulnerability found!
warning: 1 allowed warning found
